2019-03-22 20:54:33 [scrapy.utils.log] INFO: Scrapy 1.5.1 started (bot: scrapy_app)
2019-03-22 20:54:33 [scrapy.utils.log] INFO: Versions: lxml 4.3.2.0, libxml2 2.9.9, cssselect 1.0.3, parsel 1.5.1, w3lib 1.20.0, Twisted 18.9.0, Python 3.7.0 (v3.7.0:1bf9cc5093, Jun 26 2018, 23:26:24) - [Clang 6.0 (clang-600.0.57)], pyOpenSSL 19.0.0 (OpenSSL 1.1.1b  26 Feb 2019), cryptography 2.6.1, Platform Darwin-18.2.0-x86_64-i386-64bit
2019-03-22 20:54:33 [scrapy.crawler] INFO: Overridden settings: {'BOT_NAME': 'scrapy_app', 'LOG_FILE': 'logs/default/toscrape-xpath/b067da3c4ce411e9b3357a0030710f01.log', 'NEWSPIDER_MODULE': 'scrapy_app.spiders', 'ROBOTSTXT_OBEY': True, 'SPIDER_MODULES': ['scrapy_app.spiders']}
2019-03-22 20:54:33 [scrapy.middleware] INFO: Enabled extensions:
['scrapy.extensions.corestats.CoreStats',
 'scrapy.extensions.telnet.TelnetConsole',
 'scrapy.extensions.memusage.MemoryUsage',
 'scrapy.extensions.logstats.LogStats']
2019-03-22 20:54:33 [scrapy.middleware] INFO: Enabled downloader middlewares:
['scrapy.downloadermiddlewares.robotstxt.RobotsTxtMiddleware',
 'scrapy.downloadermiddlewares.httpauth.HttpAuthMiddleware',
 'scrapy.downloadermiddlewares.downloadtimeout.DownloadTimeoutMiddleware',
 'scrapy.downloadermiddlewares.defaultheaders.DefaultHeadersMiddleware',
 'scrapy.downloadermiddlewares.useragent.UserAgentMiddleware',
 'scrapy.downloadermiddlewares.retry.RetryMiddleware',
 'scrapy.downloadermiddlewares.redirect.MetaRefreshMiddleware',
 'scrapy.downloadermiddlewares.httpcompression.HttpCompressionMiddleware',
 'scrapy.downloadermiddlewares.redirect.RedirectMiddleware',
 'scrapy.downloadermiddlewares.cookies.CookiesMiddleware',
 'scrapy.downloadermiddlewares.httpproxy.HttpProxyMiddleware',
 'scrapy.downloadermiddlewares.stats.DownloaderStats']
2019-03-22 20:54:33 [scrapy.middleware] INFO: Enabled spider middlewares:
['scrapy.spidermiddlewares.httperror.HttpErrorMiddleware',
 'scrapy.spidermiddlewares.offsite.OffsiteMiddleware',
 'scrapy.spidermiddlewares.referer.RefererMiddleware',
 'scrapy.spidermiddlewares.urllength.UrlLengthMiddleware',
 'scrapy.spidermiddlewares.depth.DepthMiddleware']
2019-03-22 20:54:33 [scrapy.middleware] INFO: Enabled item pipelines:
['scrapy_app.pipelines.ScrapyAppPipeline']
2019-03-22 20:54:33 [scrapy.core.engine] INFO: Spider opened
2019-03-22 20:54:33 [scrapy.extensions.logstats] INFO: Crawled 0 pages (at 0 pages/min), scraped 0 items (at 0 items/min)
2019-03-22 20:54:33 [scrapy.extensions.telnet] DEBUG: Telnet console listening on 127.0.0.1:6023
2019-03-22 20:54:33 [scrapy.core.engine] DEBUG: Crawled (404) <GET https://teonite.com/robots.txt> (referer: None)
2019-03-22 20:54:34 [scrapy.core.engine] DEBUG: Crawled (200) <GET https://teonite.com/blog/> (referer: None)
2019-03-22 20:54:34 [scrapy.core.scraper] DEBUG: Scraped from <200 https://teonite.com/blog/>
{'word': 'the', 'number': 16}
2019-03-22 20:54:34 [scrapy.core.scraper] DEBUG: Scraped from <200 https://teonite.com/blog/>
{'word': 'z', 'number': 16}
2019-03-22 20:54:34 [scrapy.core.scraper] DEBUG: Scraped from <200 https://teonite.com/blog/>
{'word': 'i', 'number': 12}
2019-03-22 20:54:34 [scrapy.core.scraper] DEBUG: Scraped from <200 https://teonite.com/blog/>
{'word': '-', 'number': 12}
2019-03-22 20:54:34 [scrapy.core.scraper] DEBUG: Scraped from <200 https://teonite.com/blog/>
{'word': 'of', 'number': 12}
2019-03-22 20:54:34 [scrapy.core.scraper] DEBUG: Scraped from <200 https://teonite.com/blog/>
{'word': 'to', 'number': 11}
2019-03-22 20:54:34 [scrapy.core.scraper] DEBUG: Scraped from <200 https://teonite.com/blog/>
{'word': 'w', 'number': 11}
2019-03-22 20:54:34 [scrapy.core.scraper] DEBUG: Scraped from <200 https://teonite.com/blog/>
{'word': 'and', 'number': 10}
2019-03-22 20:54:34 [scrapy.core.scraper] DEBUG: Scraped from <200 https://teonite.com/blog/>
{'word': 'jest', 'number': 10}
2019-03-22 20:54:34 [scrapy.core.scraper] DEBUG: Scraped from <200 https://teonite.com/blog/>
{'word': 'się', 'number': 10}
2019-03-22 20:54:34 [scrapy.core.engine] INFO: Closing spider (finished)
2019-03-22 20:54:34 [scrapy.statscollectors] INFO: Dumping Scrapy stats:
{'downloader/request_bytes': 435,
 'downloader/request_count': 2,
 'downloader/request_method_count/GET': 2,
 'downloader/response_bytes': 9169,
 'downloader/response_count': 2,
 'downloader/response_status_count/200': 1,
 'downloader/response_status_count/404': 1,
 'finish_reason': 'finished',
 'finish_time': datetime.datetime(2019, 3, 22, 20, 54, 34, 329118),
 'item_scraped_count': 10,
 'log_count/DEBUG': 13,
 'log_count/INFO': 7,
 'memusage/max': 65339392,
 'memusage/startup': 65339392,
 'response_received_count': 2,
 'scheduler/dequeued': 1,
 'scheduler/dequeued/memory': 1,
 'scheduler/enqueued': 1,
 'scheduler/enqueued/memory': 1,
 'start_time': datetime.datetime(2019, 3, 22, 20, 54, 33, 482553)}
2019-03-22 20:54:34 [scrapy.core.engine] INFO: Spider closed (finished)
